  main.cpp
c:\users\crbro\desktop\misc code\projects!!!!\prog3_final\game_development_using_c++_final\sdl_solution\main.cpp(30): warning C4305: 'initializing': truncation from 'double' to 'float'
c:\users\crbro\desktop\misc code\projects!!!!\prog3_final\game_development_using_c++_final\sdl_solution\main.cpp(81): warning C4244: '=': conversion from 'int' to 'float', possible loss of data
c:\users\crbro\desktop\misc code\projects!!!!\prog3_final\game_development_using_c++_final\sdl_solution\main.cpp(82): warning C4244: '=': conversion from 'int' to 'float', possible loss of data
c:\users\crbro\desktop\misc code\projects!!!!\prog3_final\game_development_using_c++_final\sdl_solution\main.cpp(296): warning C4244: '=': conversion from 'float' to 'int', possible loss of data
c:\users\crbro\desktop\misc code\projects!!!!\prog3_final\game_development_using_c++_final\sdl_solution\main.cpp(297): warning C4244: '=': conversion from 'float' to 'int', possible loss of data
c:\users\crbro\desktop\misc code\projects!!!!\prog3_final\game_development_using_c++_final\sdl_solution\main.cpp(323): warning C4244: 'argument': conversion from 'float' to 'int', possible loss of data
c:\users\crbro\desktop\misc code\projects!!!!\prog3_final\game_development_using_c++_final\sdl_solution\main.cpp(322): warning C4244: 'argument': conversion from 'float' to 'int', possible loss of data
c:\users\crbro\desktop\misc code\projects!!!!\prog3_final\game_development_using_c++_final\sdl_solution\main.cpp(321): warning C4244: 'argument': conversion from 'float' to 'int', possible loss of data
c:\users\crbro\desktop\misc code\projects!!!!\prog3_final\game_development_using_c++_final\sdl_solution\main.cpp(320): warning C4244: 'argument': conversion from 'float' to 'int', possible loss of data
c:\users\crbro\desktop\misc code\projects!!!!\prog3_final\game_development_using_c++_final\sdl_solution\main.cpp(332): warning C4244: 'argument': conversion from 'time_t' to 'unsigned int', possible loss of data
main.obj : error LNK2019: unresolved external symbol SDL_CreateWindow referenced in function "void __cdecl Simulation::init(void)" (?init@Simulation@@YAXXZ)
main.obj : error LNK2019: unresolved external symbol SDL_GetKeyboardState referenced in function "void __cdecl Simulation::init(void)" (?init@Simulation@@YAXXZ)
main.obj : error LNK2019: unresolved external symbol SDL_PollEvent referenced in function "void __cdecl Simulation::update(void)" (?update@Simulation@@YAXXZ)
main.obj : error LNK2019: unresolved external symbol SDL_CreateRenderer referenced in function "void __cdecl Simulation::init(void)" (?init@Simulation@@YAXXZ)
main.obj : error LNK2019: unresolved external symbol SDL_SetRenderDrawColor referenced in function "void __cdecl Simulation::draw(void)" (?draw@Simulation@@YAXXZ)
main.obj : error LNK2019: unresolved external symbol SDL_RenderClear referenced in function "void __cdecl Simulation::draw(void)" (?draw@Simulation@@YAXXZ)
main.obj : error LNK2019: unresolved external symbol SDL_RenderDrawLine referenced in function "void __cdecl Simulation::draw(void)" (?draw@Simulation@@YAXXZ)
main.obj : error LNK2019: unresolved external symbol SDL_RenderFillRect referenced in function "void __cdecl Simulation::draw(void)" (?draw@Simulation@@YAXXZ)
main.obj : error LNK2019: unresolved external symbol SDL_RenderPresent referenced in function "void __cdecl Simulation::draw(void)" (?draw@Simulation@@YAXXZ)
main.obj : error LNK2019: unresolved external symbol SDL_GetTicks referenced in function SDL_main
main.obj : error LNK2019: unresolved external symbol SDL_Init referenced in function "void __cdecl Simulation::init(void)" (?init@Simulation@@YAXXZ)
MSVCRTD.lib(exe_main.obj) : error LNK2019: unresolved external symbol main referenced in function "int __cdecl invoke_main(void)" (?invoke_main@@YAHXZ)
SDL2-2.0.8\lib\x86\SDL2.lib : warning LNK4272: library machine type 'x86' conflicts with target machine type 'x64'
SDL2-2.0.8\lib\x86\SDL2main.lib : warning LNK4272: library machine type 'x86' conflicts with target machine type 'x64'
C:\Users\crbro\Desktop\misc code\Projects!!!!\prog3_final\game_development_using_C++_final\SDL_solution\x64\Debug\SDL_intro.exe : fatal error LNK1120: 12 unresolved externals
